#-----------------------------------------------------------
# Vivado v2022.1 (64-bit)
# SW Build 3526262 on Mon Apr 18 15:47:01 MDT 2022
# IP Build 3524634 on Mon Apr 18 20:55:01 MDT 2022
# Start of session at: Thu Mar 21 22:46:45 2024
# Process ID: 78868
# Current directory: /home/saker/MASTER SATCOM/Vivado/DS18S20_Onewire
# Command line: vivado
# Log file: /home/saker/MASTER SATCOM/Vivado/DS18S20_Onewire/vivado.log
# Journal file: /home/saker/MASTER SATCOM/Vivado/DS18S20_Onewire/vivado.jou
# Running On: saker-V1-10, OS: Linux, CPU Frequency: 900.059 MHz, CPU Physical cores: 2, Host memory: 8187 MB
#-----------------------------------------------------------
start_gui
WARNING: [Board 49-26] cannot add Board Part xilinx.com:kc705:part0:1.6 available at /tools/Xilinx/Vivado/2022.1/data/xhub/boards/XilinxBoardStore/boards/Xilinx/kc705/1.6/board.xml as part xc7k325tffg900-2 specified in board_part file is either invalid or not available
WARNING: [Board 49-26] cannot add Board Part xilinx.com:kcu105:part0:1.6 available at /tools/Xilinx/Vivado/2022.1/data/xhub/boards/XilinxBoardStore/boards/Xilinx/kcu105/1.6/board.xml as part xcku040-ffva1156-2-e specified in board_part file is either invalid or not available
WARNING: [Board 49-26] cannot add Board Part xilinx.com:kcu105:part0:1.7 available at /tools/Xilinx/Vivado/2022.1/data/xhub/boards/XilinxBoardStore/boards/Xilinx/kcu105/1.7/board.xml as part xcku040-ffva1156-2-e specified in board_part file is either invalid or not available
WARNING: [Board 49-26] cannot add Board Part xilinx.com:kcu1500:part0:1.2 available at /tools/Xilinx/Vivado/2022.1/data/xhub/boards/XilinxBoardStore/boards/Xilinx/kcu1500/1.2/board.xml as part xcku115-flvb2104-2-e specified in board_part file is either invalid or not available
WARNING: [Board 49-26] cannot add Board Part xilinx.com:vc707:part0:1.4 available at /tools/Xilinx/Vivado/2022.1/data/xhub/boards/XilinxBoardStore/boards/Xilinx/vc707/1.4/board.xml as part xc7vx485tffg1761-2 specified in board_part file is either invalid or not available
WARNING: [Board 49-26] cannot add Board Part xilinx.com:vc709:part0:1.8 available at /tools/Xilinx/Vivado/2022.1/data/xhub/boards/XilinxBoardStore/boards/Xilinx/vc709/1.8/board.xml as part xc7vx690tffg1761-2 specified in board_part file is either invalid or not available
WARNING: [Board 49-26] cannot add Board Part xilinx.com:vck190:part0:2.2 available at /tools/Xilinx/Vivado/2022.1/data/xhub/boards/XilinxBoardStore/boards/Xilinx/vck190/production/2.2/board.xml as part xcvc1902-vsva2197-2mp-e-s specified in board_part file is either invalid or not available
WARNING: [Board 49-26] cannot add Board Part xilinx.com:vck190:part0:3.0 available at /tools/Xilinx/Vivado/2022.1/data/xhub/boards/XilinxBoardStore/boards/Xilinx/vck190/production/3.0/board.xml as part xcvc1902-vsva2197-2mp-e-s specified in board_part file is either invalid or not available
WARNING: [Board 49-26] cannot add Board Part xilinx.com:vck190_newl:part0:1.0 available at /tools/Xilinx/Vivado/2022.1/data/xhub/boards/XilinxBoardStore/boards/Xilinx/vck190_newl/production/1.0/board.xml as part xcvc1902-vsva2197-2mp-e-s specified in board_part file is either invalid or not available
WARNING: [Board 49-26] cannot add Board Part xilinx.com:vcu108:part0:1.6 available at /tools/Xilinx/Vivado/2022.1/data/xhub/boards/XilinxBoardStore/boards/Xilinx/vcu108/1.6/board.xml as part xcvu095-ffva2104-2-e specified in board_part file is either invalid or not available
WARNING: [Board 49-26] cannot add Board Part xilinx.com:vcu108:part0:1.7 available at /tools/Xilinx/Vivado/2022.1/data/xhub/boards/XilinxBoardStore/boards/Xilinx/vcu108/1.7/board.xml as part xcvu095-ffva2104-2-e specified in board_part file is either invalid or not available
WARNING: [Board 49-26] cannot add Board Part xilinx.com:vcu110:part0:1.4 available at /tools/Xilinx/Vivado/2022.1/data/xhub/boards/XilinxBoardStore/boards/Xilinx/vcu110/1.4/board.xml as part xcvu190-flgc2104-2-e specified in board_part file is either invalid or not available
WARNING: [Board 49-26] cannot add Board Part xilinx.com:vcu118:part0:2.0 available at /tools/Xilinx/Vivado/2022.1/data/xhub/boards/XilinxBoardStore/boards/Xilinx/vcu118/2.0/board.xml as part xcvu9p-flga2104-2l-e specified in board_part file is either invalid or not available
WARNING: [Board 49-26] cannot add Board Part xilinx.com:vcu118:part0:2.3 available at /tools/Xilinx/Vivado/2022.1/data/xhub/boards/XilinxBoardStore/boards/Xilinx/vcu118/2.3/board.xml as part xcvu9p-flga2104-2l-e specified in board_part file is either invalid or not available
WARNING: [Board 49-26] cannot add Board Part xilinx.com:vcu118:part0:2.4 available at /tools/Xilinx/Vivado/2022.1/data/xhub/boards/XilinxBoardStore/boards/Xilinx/vcu118/2.4/board.xml as part xcvu9p-flga2104-2l-e specified in board_part file is either invalid or not available
WARNING: [Board 49-26] cannot add Board Part xilinx.com:vcu128:part0:1.0 available at /tools/Xilinx/Vivado/2022.1/data/xhub/boards/XilinxBoardStore/boards/Xilinx/vcu128/production/1.0/board.xml as part xcvu37p-fsvh2892-2l-e specified in board_part file is either invalid or not available
WARNING: [Board 49-26] cannot add Board Part xilinx.com:vcu129:part0:1.0 available at /tools/Xilinx/Vivado/2022.1/data/xhub/boards/XilinxBoardStore/boards/Xilinx/vcu129/production/1.0/board.xml as part xcvu29p-fsga2577-2l-e specified in board_part file is either invalid or not available
WARNING: [Board 49-26] cannot add Board Part xilinx.com:vcu1525:part0:1.3 available at /tools/Xilinx/Vivado/2022.1/data/xhub/boards/XilinxBoardStore/boards/Xilinx/vcu1525/1.3/board.xml as part xcvu9p-fsgd2104-2l-e specified in board_part file is either invalid or not available
WARNING: [Board 49-26] cannot add Board Part xilinx.com:vermeo_t1_mpsoc:part0:1.0 available at /tools/Xilinx/Vivado/2022.1/data/xhub/boards/XilinxBoardStore/boards/Xilinx/vermeo_t1_mpsoc/1.0/board.xml as part xczu19eg-ffvd1760-2l-e specified in board_part file is either invalid or not available
WARNING: [Board 49-26] cannot add Board Part xilinx.com:vermeo_t1_rfsoc:part0:1.0 available at /tools/Xilinx/Vivado/2022.1/data/xhub/boards/XilinxBoardStore/boards/Xilinx/vermeo_t1_rfsoc/1.0/board.xml as part xczu21dr-ffvd1156-2l-e specified in board_part file is either invalid or not available
WARNING: [Board 49-26] cannot add Board Part xilinx.com:vmk180:part0:2.2 available at /tools/Xilinx/Vivado/2022.1/data/xhub/boards/XilinxBoardStore/boards/Xilinx/vmk180/production/2.2/board.xml as part xcvm1802-vsva2197-2mp-e-s specified in board_part file is either invalid or not available
WARNING: [Board 49-26] cannot add Board Part xilinx.com:vmk180:part0:3.0 available at /tools/Xilinx/Vivado/2022.1/data/xhub/boards/XilinxBoardStore/boards/Xilinx/vmk180/production/3.0/board.xml as part xcvm1802-vsva2197-2mp-e-s specified in board_part file is either invalid or not available
WARNING: [Board 49-26] cannot add Board Part xilinx.com:vmk180_newl:part0:1.0 available at /tools/Xilinx/Vivado/2022.1/data/xhub/boards/XilinxBoardStore/boards/Xilinx/vmk180_newl/production/1.0/board.xml as part xcvm1802-vsva2197-2mp-e-s specified in board_part file is either invalid or not available
WARNING: [Board 49-26] cannot add Board Part xilinx.com:vpk120_es:part0:1.2 available at /tools/Xilinx/Vivado/2022.1/data/xhub/boards/XilinxBoardStore/boards/Xilinx/vpk120/es/1.2/board.xml as part xcvp1202-vsva2785-2mp-e-s-es1 specified in board_part file is either invalid or not available
WARNING: [Board 49-26] cannot add Board Part xilinx.com:vpk120_es_revb:part0:1.0 available at /tools/Xilinx/Vivado/2022.1/data/xhub/boards/XilinxBoardStore/boards/Xilinx/vpk120_revb/es/1.0/board.xml as part xcvp1202-vsva2785-2mp-e-s-es1 specified in board_part file is either invalid or not available
WARNING: [Board 49-26] cannot add Board Part xilinx.com:zc706:part0:1.4 available at /tools/Xilinx/Vivado/2022.1/data/xhub/boards/XilinxBoardStore/boards/Xilinx/zc706/1.4/board.xml as part xc7z045ffg900-2 specified in board_part file is either invalid or not available
WARNING: [Board 49-26] cannot add Board Part xilinx.com:zcu102:part0:3.3 available at /tools/Xilinx/Vivado/2022.1/data/xhub/boards/XilinxBoardStore/boards/Xilinx/zcu102/3.3/board.xml as part xczu9eg-ffvb1156-2-e specified in board_part file is either invalid or not available
WARNING: [Board 49-26] cannot add Board Part xilinx.com:zcu102:part0:3.4 available at /tools/Xilinx/Vivado/2022.1/data/xhub/boards/XilinxBoardStore/boards/Xilinx/zcu102/3.4/board.xml as part xczu9eg-ffvb1156-2-e specified in board_part file is either invalid or not available
WARNING: [Board 49-26] cannot add Board Part xilinx.com:zcu111:part0:1.2 available at /tools/Xilinx/Vivado/2022.1/data/xhub/boards/XilinxBoardStore/boards/Xilinx/zcu111/1.2/board.xml as part xczu28dr-ffvg1517-2-e specified in board_part file is either invalid or not available
WARNING: [Board 49-26] cannot add Board Part xilinx.com:zcu111:part0:1.3 available at /tools/Xilinx/Vivado/2022.1/data/xhub/boards/XilinxBoardStore/boards/Xilinx/zcu111/1.3/board.xml as part xczu28dr-ffvg1517-2-e specified in board_part file is either invalid or not available
WARNING: [Board 49-26] cannot add Board Part xilinx.com:zcu111:part0:1.4 available at /tools/Xilinx/Vivado/2022.1/data/xhub/boards/XilinxBoardStore/boards/Xilinx/zcu111/1.4/board.xml as part xczu28dr-ffvg1517-2-e specified in board_part file is either invalid or not available
WARNING: [Board 49-26] cannot add Board Part xilinx.com:zcu1275:part0:1.0 available at /tools/Xilinx/Vivado/2022.1/data/xhub/boards/XilinxBoardStore/boards/Xilinx/zcu1275/1.0/board.xml as part xczu29dr-ffvf1760-2-e specified in board_part file is either invalid or not available
WARNING: [Board 49-26] cannot add Board Part xilinx.com:zcu1285:part0:1.0 available at /tools/Xilinx/Vivado/2022.1/data/xhub/boards/XilinxBoardStore/boards/Xilinx/zcu1285/1.0/board.xml as part xczu39dr-ffvf1760-2-i specified in board_part file is either invalid or not available
WARNING: [Board 49-26] cannot add Board Part xilinx.com:zcu208:part0:2.0 available at /tools/Xilinx/Vivado/2022.1/data/xhub/boards/XilinxBoardStore/boards/Xilinx/zcu208/production/2.0/board.xml as part xczu48dr-fsvg1517-2-e specified in board_part file is either invalid or not available
WARNING: [Board 49-26] cannot add Board Part xilinx.com:zcu208ld:part0:2.0 available at /tools/Xilinx/Vivado/2022.1/data/xhub/boards/XilinxBoardStore/boards/Xilinx/zcu208ld/production/2.0/board.xml as part xczu58dr-fsvg1517-2-i specified in board_part file is either invalid or not available
WARNING: [Board 49-26] cannot add Board Part xilinx.com:zcu216:part0:2.0 available at /tools/Xilinx/Vivado/2022.1/data/xhub/boards/XilinxBoardStore/boards/Xilinx/zcu216/production/2.0/board.xml as part xczu49dr-ffvf1760-2-e specified in board_part file is either invalid or not available
WARNING: [Board 49-26] cannot add Board Part xilinx.com:zcu216ld:part0:2.0 available at /tools/Xilinx/Vivado/2022.1/data/xhub/boards/XilinxBoardStore/boards/Xilinx/zcu216ld/production/2.0/board.xml as part xczu59dr-ffvf1760-2-i specified in board_part file is either invalid or not available
WARNING: [Board 49-26] cannot add Board Part xilinx.com:zcu670:part0:2.0 available at /tools/Xilinx/Vivado/2022.1/data/xhub/boards/XilinxBoardStore/boards/Xilinx/zcu670/2.0/board.xml as part xczu67dr-fsve1156-2-i specified in board_part file is either invalid or not available
WARNING: [Board 49-26] cannot add Board Part xilinx.com:zcu670ld:part0:1.0 available at /tools/Xilinx/Vivado/2022.1/data/xhub/boards/XilinxBoardStore/boards/Xilinx/zcu670ld/1.0/board.xml as part xczu57dr-fsve1156-2-i specified in board_part file is either invalid or not available
open_project {/home/saker/MASTER SATCOM/Vivado/test_123/test_123.xpr}
INFO: [filemgmt 56-3] Default IP Output Path : Could not find the directory '/home/saker/MASTER SATCOM/Vivado/test_123/test_123.gen/sources_1'.
Scanning sources...
Finished scanning sources
INFO: [IP_Flow 19-234] Refreshing IP repositories
INFO: [IP_Flow 19-1704] No user IP repositories specified
INFO: [IP_Flow 19-2313] Loaded Vivado IP repository '/tools/Xilinx/Vivado/2022.1/data/ip'.
open_project: Time (s): cpu = 00:00:28 ; elapsed = 00:00:10 . Memory (MB): peak = 7575.219 ; gain = 45.000 ; free physical = 730 ; free virtual = 8741
update_compile_order -fileset sources_1
close_project
open_project {/home/saker/MASTER SATCOM/Vivado/attachments/test123/test_123.xpr}
INFO: [Project 1-313] Project file moved from 'D:/Aurian_Joan_Thermometer' since last save.
INFO: [filemgmt 56-2] Default IP Output Path : Could not find the directory '/home/saker/MASTER SATCOM/Vivado/attachments/test123/test_123.gen/sources_1', nor could it be found using path '/home/saker/MASTER SATCOM/Vivado/DS18S20_Onewire/D:/Aurian_Joan_Thermometer/Aurian_Joan_Thermometer.gen/sources_1'.
WARNING: [filemgmt 56-2] IPUserFilesDir: Could not find the directory '/home/saker/MASTER SATCOM/Vivado/attachments/test123/test_123.ip_user_files', nor could it be found using path '/home/saker/MASTER SATCOM/Vivado/DS18S20_Onewire/D:/Aurian_Joan_Thermometer/Aurian_Joan_Thermometer.ip_user_files'.
CRITICAL WARNING: [Project 1-311] Could not find the file '/home/saker/MASTER SATCOM/Vivado/attachments/test123/test_123.srcs/sources_1/new/Counter_0_to_7.vhd', nor could it be found using path '/home/saker/MASTER SATCOM/Vivado/DS18S20_Onewire/D:/Aurian_Joan_Thermometer/Aurian_Joan_Thermometer.srcs/sources_1/new/Counter_0_to_7.vhd'.
CRITICAL WARNING: [Project 1-311] Could not find the file '/home/saker/MASTER SATCOM/Vivado/attachments/test123/test_123.srcs/sources_1/new/Counter_0_to_8.vhd', nor could it be found using path '/home/saker/MASTER SATCOM/Vivado/DS18S20_Onewire/D:/Aurian_Joan_Thermometer/Aurian_Joan_Thermometer.srcs/sources_1/new/Counter_0_to_8.vhd'.
CRITICAL WARNING: [Project 1-311] Could not find the file '/home/saker/MASTER SATCOM/Vivado/attachments/test123/test_123.srcs/sources_1/new/Init.vhd', nor could it be found using path '/home/saker/MASTER SATCOM/Vivado/DS18S20_Onewire/D:/Aurian_Joan_Thermometer/Aurian_Joan_Thermometer.srcs/sources_1/new/Init.vhd'.
CRITICAL WARNING: [Project 1-311] Could not find the file '/home/saker/MASTER SATCOM/Vivado/attachments/test123/test_123.srcs/sources_1/new/Memory.vhd', nor could it be found using path '/home/saker/MASTER SATCOM/Vivado/DS18S20_Onewire/D:/Aurian_Joan_Thermometer/Aurian_Joan_Thermometer.srcs/sources_1/new/Memory.vhd'.
CRITICAL WARNING: [Project 1-311] Could not find the file '/home/saker/MASTER SATCOM/Vivado/attachments/test123/test_123.srcs/sources_1/new/Protocol.vhd', nor could it be found using path '/home/saker/MASTER SATCOM/Vivado/DS18S20_Onewire/D:/Aurian_Joan_Thermometer/Aurian_Joan_Thermometer.srcs/sources_1/new/Protocol.vhd'.
CRITICAL WARNING: [Project 1-311] Could not find the file '/home/saker/MASTER SATCOM/Vivado/attachments/test123/test_123.srcs/sources_1/new/Protocol_FSM.vhd', nor could it be found using path '/home/saker/MASTER SATCOM/Vivado/DS18S20_Onewire/D:/Aurian_Joan_Thermometer/Aurian_Joan_Thermometer.srcs/sources_1/new/Protocol_FSM.vhd'.
CRITICAL WARNING: [Project 1-311] Could not find the file '/home/saker/MASTER SATCOM/Vivado/attachments/test123/test_123.srcs/sources_1/new/Read_Block.vhd', nor could it be found using path '/home/saker/MASTER SATCOM/Vivado/DS18S20_Onewire/D:/Aurian_Joan_Thermometer/Aurian_Joan_Thermometer.srcs/sources_1/new/Read_Block.vhd'.
CRITICAL WARNING: [Project 1-311] Could not find the file '/home/saker/MASTER SATCOM/Vivado/attachments/test123/test_123.srcs/sources_1/new/Read_FSM.vhd', nor could it be found using path '/home/saker/MASTER SATCOM/Vivado/DS18S20_Onewire/D:/Aurian_Joan_Thermometer/Aurian_Joan_Thermometer.srcs/sources_1/new/Read_FSM.vhd'.
CRITICAL WARNING: [Project 1-311] Could not find the file '/home/saker/MASTER SATCOM/Vivado/attachments/test123/test_123.srcs/sources_1/new/Read_One_Bit.vhd', nor could it be found using path '/home/saker/MASTER SATCOM/Vivado/DS18S20_Onewire/D:/Aurian_Joan_Thermometer/Aurian_Joan_Thermometer.srcs/sources_1/new/Read_One_Bit.vhd'.
CRITICAL WARNING: [Project 1-311] Could not find the file '/home/saker/MASTER SATCOM/Vivado/attachments/test123/test_123.srcs/sources_1/imports/new/Rising_Edge_Detector.vhd', nor could it be found using path '/home/saker/MASTER SATCOM/Vivado/DS18S20_Onewire/D:/Aurian_Joan_Thermometer/Aurian_Joan_Thermometer.srcs/sources_1/imports/new/Rising_Edge_Detector.vhd'.
CRITICAL WARNING: [Project 1-311] Could not find the file '/home/saker/MASTER SATCOM/Vivado/attachments/test123/test_123.srcs/sources_1/new/Temp_Memory.vhd', nor could it be found using path '/home/saker/MASTER SATCOM/Vivado/DS18S20_Onewire/D:/Aurian_Joan_Thermometer/Aurian_Joan_Thermometer.srcs/sources_1/new/Temp_Memory.vhd'.
CRITICAL WARNING: [Project 1-311] Could not find the file '/home/saker/MASTER SATCOM/Vivado/attachments/test123/test_123.srcs/sources_1/new/Timer.vhd', nor could it be found using path '/home/saker/MASTER SATCOM/Vivado/DS18S20_Onewire/D:/Aurian_Joan_Thermometer/Aurian_Joan_Thermometer.srcs/sources_1/new/Timer.vhd'.
CRITICAL WARNING: [Project 1-311] Could not find the file '/home/saker/MASTER SATCOM/Vivado/attachments/test123/test_123.srcs/sources_1/new/Timer_15us.vhd', nor could it be found using path '/home/saker/MASTER SATCOM/Vivado/DS18S20_Onewire/D:/Aurian_Joan_Thermometer/Aurian_Joan_Thermometer.srcs/sources_1/new/Timer_15us.vhd'.
CRITICAL WARNING: [Project 1-311] Could not find the file '/home/saker/MASTER SATCOM/Vivado/attachments/test123/test_123.srcs/sources_1/new/Timer_1us.vhd', nor could it be found using path '/home/saker/MASTER SATCOM/Vivado/DS18S20_Onewire/D:/Aurian_Joan_Thermometer/Aurian_Joan_Thermometer.srcs/sources_1/new/Timer_1us.vhd'.
CRITICAL WARNING: [Project 1-311] Could not find the file '/home/saker/MASTER SATCOM/Vivado/attachments/test123/test_123.srcs/sources_1/new/Timer_240us.vhd', nor could it be found using path '/home/saker/MASTER SATCOM/Vivado/DS18S20_Onewire/D:/Aurian_Joan_Thermometer/Aurian_Joan_Thermometer.srcs/sources_1/new/Timer_240us.vhd'.
CRITICAL WARNING: [Project 1-311] Could not find the file '/home/saker/MASTER SATCOM/Vivado/attachments/test123/test_123.srcs/sources_1/new/Timer_480us.vhd', nor could it be found using path '/home/saker/MASTER SATCOM/Vivado/DS18S20_Onewire/D:/Aurian_Joan_Thermometer/Aurian_Joan_Thermometer.srcs/sources_1/new/Timer_480us.vhd'.
CRITICAL WARNING: [Project 1-311] Could not find the file '/home/saker/MASTER SATCOM/Vivado/attachments/test123/test_123.srcs/sources_1/new/Timer_60us.vhd', nor could it be found using path '/home/saker/MASTER SATCOM/Vivado/DS18S20_Onewire/D:/Aurian_Joan_Thermometer/Aurian_Joan_Thermometer.srcs/sources_1/new/Timer_60us.vhd'.
CRITICAL WARNING: [Project 1-311] Could not find the file '/home/saker/MASTER SATCOM/Vivado/attachments/test123/test_123.srcs/sources_1/new/TriState_Buffer.vhd', nor could it be found using path '/home/saker/MASTER SATCOM/Vivado/DS18S20_Onewire/D:/Aurian_Joan_Thermometer/Aurian_Joan_Thermometer.srcs/sources_1/new/TriState_Buffer.vhd'.
CRITICAL WARNING: [Project 1-311] Could not find the file '/home/saker/MASTER SATCOM/Vivado/attachments/test123/test_123.srcs/sources_1/new/Write8b.vhd', nor could it be found using path '/home/saker/MASTER SATCOM/Vivado/DS18S20_Onewire/D:/Aurian_Joan_Thermometer/Aurian_Joan_Thermometer.srcs/sources_1/new/Write8b.vhd'.
CRITICAL WARNING: [Project 1-311] Could not find the file '/home/saker/MASTER SATCOM/Vivado/attachments/test123/test_123.srcs/sources_1/new/Write8b_FSM.vhd', nor could it be found using path '/home/saker/MASTER SATCOM/Vivado/DS18S20_Onewire/D:/Aurian_Joan_Thermometer/Aurian_Joan_Thermometer.srcs/sources_1/new/Write8b_FSM.vhd'.
CRITICAL WARNING: [Project 1-311] Could not find the file '/home/saker/MASTER SATCOM/Vivado/attachments/test123/test_123.srcs/sources_1/new/Write_Individual_Bits.vhd', nor could it be found using path '/home/saker/MASTER SATCOM/Vivado/DS18S20_Onewire/D:/Aurian_Joan_Thermometer/Aurian_Joan_Thermometer.srcs/sources_1/new/Write_Individual_Bits.vhd'.
CRITICAL WARNING: [Project 1-311] Could not find the file '/home/saker/MASTER SATCOM/Vivado/attachments/test123/test_123.srcs/sources_1/new/Write_One.vhd', nor could it be found using path '/home/saker/MASTER SATCOM/Vivado/DS18S20_Onewire/D:/Aurian_Joan_Thermometer/Aurian_Joan_Thermometer.srcs/sources_1/new/Write_One.vhd'.
CRITICAL WARNING: [Project 1-311] Could not find the file '/home/saker/MASTER SATCOM/Vivado/attachments/test123/test_123.srcs/sources_1/new/Write_Zero.vhd', nor could it be found using path '/home/saker/MASTER SATCOM/Vivado/DS18S20_Onewire/D:/Aurian_Joan_Thermometer/Aurian_Joan_Thermometer.srcs/sources_1/new/Write_Zero.vhd'.
CRITICAL WARNING: [Project 1-311] Could not find the file '/home/saker/MASTER SATCOM/Vivado/attachments/test123/test_123.srcs/sources_1/new/Test_Protocol.vhd', nor could it be found using path '/home/saker/MASTER SATCOM/Vivado/DS18S20_Onewire/D:/Aurian_Joan_Thermometer/Aurian_Joan_Thermometer.srcs/sources_1/new/Test_Protocol.vhd'.
CRITICAL WARNING: [Project 1-311] Could not find the file '/home/saker/MASTER SATCOM/Vivado/attachments/test123/test_123.srcs/sources_1/new/Test_Read_Part1.vhd', nor could it be found using path '/home/saker/MASTER SATCOM/Vivado/DS18S20_Onewire/D:/Aurian_Joan_Thermometer/Aurian_Joan_Thermometer.srcs/sources_1/new/Test_Read_Part1.vhd'.
CRITICAL WARNING: [Project 1-311] Could not find the file '/home/saker/MASTER SATCOM/Vivado/attachments/test123/test_123.srcs/sources_1/new/Test_Write8b.vhd', nor could it be found using path '/home/saker/MASTER SATCOM/Vivado/DS18S20_Onewire/D:/Aurian_Joan_Thermometer/Aurian_Joan_Thermometer.srcs/sources_1/new/Test_Write8b.vhd'.
CRITICAL WARNING: [Project 1-311] Could not find the file '/home/saker/MASTER SATCOM/Vivado/attachments/test123/test_123.srcs/sources_1/new/Test_Read_One_Bit.vhd', nor could it be found using path '/home/saker/MASTER SATCOM/Vivado/DS18S20_Onewire/D:/Aurian_Joan_Thermometer/Aurian_Joan_Thermometer.srcs/sources_1/new/Test_Read_One_Bit.vhd'.
CRITICAL WARNING: [Project 1-311] Could not find the file '/home/saker/MASTER SATCOM/Vivado/attachments/test123/test_123.srcs/sources_1/new/Test_Write_Individual_Bits.vhd', nor could it be found using path '/home/saker/MASTER SATCOM/Vivado/DS18S20_Onewire/D:/Aurian_Joan_Thermometer/Aurian_Joan_Thermometer.srcs/sources_1/new/Test_Write_Individual_Bits.vhd'.
CRITICAL WARNING: [Project 1-311] Could not find the file '/home/saker/MASTER SATCOM/Vivado/attachments/test123/test_123.srcs/sources_1/new/Test_Init.vhd', nor could it be found using path '/home/saker/MASTER SATCOM/Vivado/DS18S20_Onewire/D:/Aurian_Joan_Thermometer/Aurian_Joan_Thermometer.srcs/sources_1/new/Test_Init.vhd'.
CRITICAL WARNING: [Project 1-311] Could not find the file '/home/saker/MASTER SATCOM/Vivado/attachments/test123/test_123.srcs/sources_1/new/Test_Upload.vhd', nor could it be found using path '/home/saker/MASTER SATCOM/Vivado/DS18S20_Onewire/D:/Aurian_Joan_Thermometer/Aurian_Joan_Thermometer.srcs/sources_1/new/Test_Upload.vhd'.
CRITICAL WARNING: [Project 1-311] Could not find the file '/home/saker/MASTER SATCOM/Vivado/attachments/test123/test_123.srcs/constrs_1/new/Constrains_1_Test_Init.xdc', nor could it be found using path '/home/saker/MASTER SATCOM/Vivado/DS18S20_Onewire/D:/Aurian_Joan_Thermometer/Aurian_Joan_Thermometer.srcs/constrs_1/new/Constrains_1_Test_Init.xdc'.
CRITICAL WARNING: [Project 1-311] Could not find the file '/home/saker/MASTER SATCOM/Vivado/attachments/test123/test_123.srcs/constrs_1/new/Test.xdc', nor could it be found using path '/home/saker/MASTER SATCOM/Vivado/DS18S20_Onewire/D:/Aurian_Joan_Thermometer/Aurian_Joan_Thermometer.srcs/constrs_1/new/Test.xdc'.
CRITICAL WARNING: [Project 1-311] Could not find the file '/home/saker/MASTER SATCOM/Vivado/attachments/test123/test_123.srcs/constrs_1/new/Constrains_2_Test_Write8b.xdc', nor could it be found using path '/home/saker/MASTER SATCOM/Vivado/DS18S20_Onewire/D:/Aurian_Joan_Thermometer/Aurian_Joan_Thermometer.srcs/constrs_1/new/Constrains_2_Test_Write8b.xdc'.
CRITICAL WARNING: [Project 1-311] Could not find the file '/home/saker/MASTER SATCOM/Vivado/attachments/test123/test_123.srcs/constrs_1/new/Constrains_3_Test_Protocol.xdc', nor could it be found using path '/home/saker/MASTER SATCOM/Vivado/DS18S20_Onewire/D:/Aurian_Joan_Thermometer/Aurian_Joan_Thermometer.srcs/constrs_1/new/Constrains_3_Test_Protocol.xdc'.
CRITICAL WARNING: [Project 1-311] Could not find the file '/home/saker/MASTER SATCOM/Vivado/attachments/test123/test_123.srcs/sim_1/new/Testbench_Protocol.vhd', nor could it be found using path '/home/saker/MASTER SATCOM/Vivado/DS18S20_Onewire/D:/Aurian_Joan_Thermometer/Aurian_Joan_Thermometer.srcs/sim_1/new/Testbench_Protocol.vhd'.
CRITICAL WARNING: [Project 1-311] Could not find the file '/home/saker/MASTER SATCOM/Vivado/attachments/test123/test_123.srcs/sim_1/new/Testbench_Read_Part1.vhd', nor could it be found using path '/home/saker/MASTER SATCOM/Vivado/DS18S20_Onewire/D:/Aurian_Joan_Thermometer/Aurian_Joan_Thermometer.srcs/sim_1/new/Testbench_Read_Part1.vhd'.
CRITICAL WARNING: [Project 1-311] Could not find the file '/home/saker/MASTER SATCOM/Vivado/attachments/test123/test_123.srcs/sim_1/new/Testbench_Read_One_Bit.vhd', nor could it be found using path '/home/saker/MASTER SATCOM/Vivado/DS18S20_Onewire/D:/Aurian_Joan_Thermometer/Aurian_Joan_Thermometer.srcs/sim_1/new/Testbench_Read_One_Bit.vhd'.
CRITICAL WARNING: [Project 1-311] Could not find the file '/home/saker/MASTER SATCOM/Vivado/attachments/test123/test_123.srcs/sim_1/new/Testbench_Write_Ind_Bits.vhd', nor could it be found using path '/home/saker/MASTER SATCOM/Vivado/DS18S20_Onewire/D:/Aurian_Joan_Thermometer/Aurian_Joan_Thermometer.srcs/sim_1/new/Testbench_Write_Ind_Bits.vhd'.
CRITICAL WARNING: [Project 1-311] Could not find the file '/home/saker/MASTER SATCOM/Vivado/attachments/test123/test_123.srcs/sim_1/new/Testbench_Write8b.vhd', nor could it be found using path '/home/saker/MASTER SATCOM/Vivado/DS18S20_Onewire/D:/Aurian_Joan_Thermometer/Aurian_Joan_Thermometer.srcs/sim_1/new/Testbench_Write8b.vhd'.
CRITICAL WARNING: [Project 1-311] Could not find the file '/home/saker/MASTER SATCOM/Vivado/attachments/test123/test_123.srcs/sim_1/new/Testbench_Init_Seq.vhd', nor could it be found using path '/home/saker/MASTER SATCOM/Vivado/DS18S20_Onewire/D:/Aurian_Joan_Thermometer/Aurian_Joan_Thermometer.srcs/sim_1/new/Testbench_Init_Seq.vhd'.
CRITICAL WARNING: [Project 1-311] Could not find the file '/home/saker/MASTER SATCOM/Vivado/attachments/test123/test_123.srcs/sim_1/new/Testbench_Timer480us.vhd', nor could it be found using path '/home/saker/MASTER SATCOM/Vivado/DS18S20_Onewire/D:/Aurian_Joan_Thermometer/Aurian_Joan_Thermometer.srcs/sim_1/new/Testbench_Timer480us.vhd'.
Scanning sources...
Finished scanning sources
WARNING: [Project 1-509] GeneratedRun file for 'synth_1' not found
WARNING: [Project 1-509] GeneratedRun file for 'impl_1' not found
INFO: [Project 1-230] Project 'test_123.xpr' upgraded for this version of Vivado.
INFO: [IP_Flow 19-234] Refreshing IP repositories
INFO: [IP_Flow 19-1704] No user IP repositories specified
INFO: [IP_Flow 19-2313] Loaded Vivado IP repository '/tools/Xilinx/Vivado/2022.1/data/ip'.
open_project: Time (s): cpu = 00:00:17 ; elapsed = 00:00:05 . Memory (MB): peak = 7608.227 ; gain = 0.000 ; free physical = 761 ; free virtual = 8780
update_compile_order -fileset sim_1
update_compile_order -fileset sources_1
close_project
open_project {/home/saker/MASTER SATCOM/Vivado/DS18S20_Onewire/digital_thermometer_sem2/digital_thermometer_sem2.xpr}
INFO: [filemgmt 56-3] Default IP Output Path : Could not find the directory '/home/saker/MASTER SATCOM/Vivado/DS18S20_Onewire/digital_thermometer_sem2/digital_thermometer_sem2.gen/sources_1'.
Scanning sources...
Finished scanning sources
INFO: [IP_Flow 19-234] Refreshing IP repositories
INFO: [IP_Flow 19-1704] No user IP repositories specified
INFO: [IP_Flow 19-2313] Loaded Vivado IP repository '/tools/Xilinx/Vivado/2022.1/data/ip'.
update_compile_order -fileset sources_1
launch_simulation
Command: launch_simulation 
INFO: [Vivado 12-12493] Simulation top is 'Write8bit_tb'
WARNING: [Vivado 12-13277] Compiled library path does not exist: ''
INFO: [Vivado 12-5682] Launching behavioral simulation in '/home/saker/MASTER SATCOM/Vivado/DS18S20_Onewire/digital_thermometer_sem2/digital_thermometer_sem2.sim/sim_1/behav/xsim'
INFO: [SIM-utils-51] Simulation object is 'sim_1'
INFO: [SIM-utils-72] Using boost library from '/tools/Xilinx/Vivado/2022.1/tps/boost_1_72_0'
INFO: [SIM-utils-54] Inspecting design source files for 'Write8bit_tb' in fileset 'sim_1'...
INFO: [USF-XSim-97] Finding global include files...
INFO: [USF-XSim-98] Fetching design files from 'sim_1'...
INFO: [USF-XSim-2] XSim::Compile design
INFO: [USF-XSim-61] Executing 'COMPILE and ANALYZE' step in '/home/saker/MASTER SATCOM/Vivado/DS18S20_Onewire/digital_thermometer_sem2/digital_thermometer_sem2.sim/sim_1/behav/xsim'
xvhdl --incr --relax -prj Write8bit_tb_vhdl.prj
Waiting for jobs to finish...
No pending jobs, compilation finished.
execute_script: Time (s): cpu = 00:00:07 ; elapsed = 00:00:06 . Memory (MB): peak = 7650.258 ; gain = 0.000 ; free physical = 762 ; free virtual = 8780
INFO: [USF-XSim-69] 'compile' step finished in '6' seconds
INFO: [USF-XSim-3] XSim::Elaborate design
INFO: [USF-XSim-61] Executing 'ELABORATE' step in '/home/saker/MASTER SATCOM/Vivado/DS18S20_Onewire/digital_thermometer_sem2/digital_thermometer_sem2.sim/sim_1/behav/xsim'
xelab --incr --debug typical --relax --mt 8 -L xil_defaultlib -L secureip --snapshot Write8bit_tb_behav xil_defaultlib.Write8bit_tb -log elaborate.log
Vivado Simulator v2022.1
Copyright 1986-1999, 2001-2022 Xilinx, Inc. All Rights Reserved.
Running: /tools/Xilinx/Vivado/2022.1/bin/unwrapped/lnx64.o/xelab --incr --debug typical --relax --mt 8 -L xil_defaultlib -L secureip --snapshot Write8bit_tb_behav xil_defaultlib.Write8bit_tb -log elaborate.log 
Using 8 slave threads.
Starting static elaboration
Completed static elaboration
INFO: [XSIM 43-4323] No Change in HDL. Linking previously generated obj files to create kernel
execute_script: Time (s): cpu = 00:00:08 ; elapsed = 00:00:06 . Memory (MB): peak = 7650.258 ; gain = 0.000 ; free physical = 789 ; free virtual = 8806
INFO: [USF-XSim-69] 'elaborate' step finished in '6' seconds
INFO: [USF-XSim-4] XSim::Simulate design
INFO: [USF-XSim-61] Executing 'SIMULATE' step in '/home/saker/MASTER SATCOM/Vivado/DS18S20_Onewire/digital_thermometer_sem2/digital_thermometer_sem2.sim/sim_1/behav/xsim'
INFO: [USF-XSim-98] *** Running xsim
   with args "Write8bit_tb_behav -key {Behavioral:sim_1:Functional:Write8bit_tb} -tclbatch {Write8bit_tb.tcl} -log {simulate.log}"
INFO: [USF-XSim-8] Loading simulator feature
Time resolution is 1 ps
source Write8bit_tb.tcl
# set curr_wave [current_wave_config]
# if { [string length $curr_wave] == 0 } {
#   if { [llength [get_objects]] > 0} {
#     add_wave /
#     set_property needs_save false [current_wave_config]
#   } else {
#      send_msg_id Add_Wave-1 WARNING "No top level signals found. Simulator will start without a wave window. If you want to open a wave window go to 'File->New Waveform Configuration' or type 'create_wave_config' in the TCL console."
#   }
# }
# run 1000ns
xsim: Time (s): cpu = 00:00:19 ; elapsed = 00:00:08 . Memory (MB): peak = 7709.488 ; gain = 53.832 ; free physical = 769 ; free virtual = 8792
INFO: [USF-XSim-96] XSim completed. Design snapshot 'Write8bit_tb_behav' loaded.
INFO: [USF-XSim-97] XSim simulation ran for 1000ns
launch_simulation: Time (s): cpu = 00:00:36 ; elapsed = 00:00:22 . Memory (MB): peak = 7709.488 ; gain = 59.230 ; free physical = 769 ; free virtual = 8792
restart
INFO: [Simtcl 6-17] Simulation restarted
run 1000 us
restart
INFO: [Simtcl 6-17] Simulation restarted
run 1000 us
restart
INFO: [Simtcl 6-17] Simulation restarted
run 1000 us
restart
INFO: [Simtcl 6-17] Simulation restarted
run 1000 us
close [ open {/home/saker/MASTER SATCOM/Vivado/DS18S20_Onewire/digital_thermometer_sem2/digital_thermometer_sem2.srcs/sources_1/new/Read1bit.vhd} w ]
add_files {{/home/saker/MASTER SATCOM/Vivado/DS18S20_Onewire/digital_thermometer_sem2/digital_thermometer_sem2.srcs/sources_1/new/Read1bit.vhd}}
update_compile_order -fileset sources_1
close [ open {/home/saker/MASTER SATCOM/Vivado/DS18S20_Onewire/digital_thermometer_sem2/digital_thermometer_sem2.srcs/sources_1/new/Read0bit.vhd} w ]
add_files {{/home/saker/MASTER SATCOM/Vivado/DS18S20_Onewire/digital_thermometer_sem2/digital_thermometer_sem2.srcs/sources_1/new/Read0bit.vhd}}
update_compile_order -fileset sources_1
close [ open {/home/saker/MASTER SATCOM/Vivado/DS18S20_Onewire/digital_thermometer_sem2/digital_thermometer_sem2.srcs/sources_1/new/Read8bit_fsm.vhd} w ]
add_files {{/home/saker/MASTER SATCOM/Vivado/DS18S20_Onewire/digital_thermometer_sem2/digital_thermometer_sem2.srcs/sources_1/new/Read8bit_fsm.vhd}}
update_compile_order -fileset sources_1
close [ open {/home/saker/MASTER SATCOM/Vivado/DS18S20_Onewire/digital_thermometer_sem2/digital_thermometer_sem2.srcs/sources_1/new/Timers.vhd} w ]
add_files {{/home/saker/MASTER SATCOM/Vivado/DS18S20_Onewire/digital_thermometer_sem2/digital_thermometer_sem2.srcs/sources_1/new/Timers.vhd}}
update_compile_order -fileset sources_1
close [ open {/home/saker/MASTER SATCOM/Vivado/DS18S20_Onewire/digital_thermometer_sem2/digital_thermometer_sem2.srcs/sources_1/new/Timer_15us.vhd} w ]
add_files {{/home/saker/MASTER SATCOM/Vivado/DS18S20_Onewire/digital_thermometer_sem2/digital_thermometer_sem2.srcs/sources_1/new/Timer_15us.vhd}}
update_compile_order -fileset sources_1
run 1000 us
restart
INFO: [Simtcl 6-17] Simulation restarted
run 1000 us
relaunch_sim
Command: launch_simulation -step compile -simset sim_1 -mode behavioral
INFO: [Vivado 12-12493] Simulation top is 'Write8bit_tb'
WARNING: [Vivado 12-13277] Compiled library path does not exist: ''
INFO: [Vivado 12-5682] Launching behavioral simulation in '/home/saker/MASTER SATCOM/Vivado/DS18S20_Onewire/digital_thermometer_sem2/digital_thermometer_sem2.sim/sim_1/behav/xsim'
INFO: [SIM-utils-51] Simulation object is 'sim_1'
INFO: [SIM-utils-72] Using boost library from '/tools/Xilinx/Vivado/2022.1/tps/boost_1_72_0'
INFO: [SIM-utils-54] Inspecting design source files for 'Write8bit_tb' in fileset 'sim_1'...
INFO: [USF-XSim-97] Finding global include files...
INFO: [USF-XSim-98] Fetching design files from 'sim_1'...
INFO: [USF-XSim-2] XSim::Compile design
INFO: [USF-XSim-61] Executing 'COMPILE and ANALYZE' step in '/home/saker/MASTER SATCOM/Vivado/DS18S20_Onewire/digital_thermometer_sem2/digital_thermometer_sem2.sim/sim_1/behav/xsim'
xvhdl --incr --relax -prj Write8bit_tb_vhdl.prj
INFO: [VRFC 10-163] Analyzing VHDL file "/home/saker/MASTER SATCOM/Vivado/DS18S20_Onewire/digital_thermometer_sem2/digital_thermometer_sem2.srcs/sources_1/new/writebit.vhd" into library xil_defaultlib
INFO: [VRFC 10-3107] analyzing entity 'Writebit'
Waiting for jobs to finish...
No pending jobs, compilation finished.
execute_script: Time (s): cpu = 00:00:05 ; elapsed = 00:00:05 . Memory (MB): peak = 8061.531 ; gain = 0.000 ; free physical = 666 ; free virtual = 8338
INFO: [USF-XSim-69] 'compile' step finished in '5' seconds
launch_simulation: Time (s): cpu = 00:00:05 ; elapsed = 00:00:05 . Memory (MB): peak = 8061.531 ; gain = 0.000 ; free physical = 666 ; free virtual = 8338
Command: launch_simulation -step elaborate -simset sim_1 -mode behavioral
INFO: [Vivado 12-12493] Simulation top is 'Write8bit_tb'
WARNING: [Vivado 12-13277] Compiled library path does not exist: ''
INFO: [Vivado 12-5682] Launching behavioral simulation in '/home/saker/MASTER SATCOM/Vivado/DS18S20_Onewire/digital_thermometer_sem2/digital_thermometer_sem2.sim/sim_1/behav/xsim'
INFO: [SIM-utils-51] Simulation object is 'sim_1'
INFO: [USF-XSim-3] XSim::Elaborate design
INFO: [USF-XSim-61] Executing 'ELABORATE' step in '/home/saker/MASTER SATCOM/Vivado/DS18S20_Onewire/digital_thermometer_sem2/digital_thermometer_sem2.sim/sim_1/behav/xsim'
xelab --incr --debug typical --relax --mt 8 -L xil_defaultlib -L secureip --snapshot Write8bit_tb_behav xil_defaultlib.Write8bit_tb -log elaborate.log
Vivado Simulator v2022.1
Copyright 1986-1999, 2001-2022 Xilinx, Inc. All Rights Reserved.
Running: /tools/Xilinx/Vivado/2022.1/bin/unwrapped/lnx64.o/xelab --incr --debug typical --relax --mt 8 -L xil_defaultlib -L secureip --snapshot Write8bit_tb_behav xil_defaultlib.Write8bit_tb -log elaborate.log 
Using 8 slave threads.
Starting static elaboration
Completed static elaboration
Starting simulation data flow analysis
Completed simulation data flow analysis
Time Resolution for simulation is 1ps
Compiling package std.standard
Compiling package std.textio
Compiling package ieee.std_logic_1164
Compiling package ieee.numeric_std
Compiling architecture behavioral of entity xil_defaultlib.Writebit [writebit_default]
Compiling architecture behavioral of entity xil_defaultlib.Write_1bit [write_1bit_default]
Compiling architecture behavioral of entity xil_defaultlib.Write_0bit [write_0bit_default]
Compiling architecture behavioral of entity xil_defaultlib.Timer_1us [timer_1us_default]
Compiling architecture behavioral of entity xil_defaultlib.Timer_60us [timer_60us_default]
Compiling architecture orlogic of entity xil_defaultlib.orGate [orgate_default]
Compiling architecture structural of entity xil_defaultlib.Write8bit [write8bit_default]
Compiling architecture behavioral of entity xil_defaultlib.write8bit_tb
Built simulation snapshot Write8bit_tb_behav
execute_script: Time (s): cpu = 00:00:05 ; elapsed = 00:00:05 . Memory (MB): peak = 8061.531 ; gain = 0.000 ; free physical = 649 ; free virtual = 8324
INFO: [USF-XSim-69] 'elaborate' step finished in '5' seconds
launch_simulation: Time (s): cpu = 00:00:05 ; elapsed = 00:00:05 . Memory (MB): peak = 8061.531 ; gain = 0.000 ; free physical = 649 ; free virtual = 8324
Time resolution is 1 ps
relaunch_sim: Time (s): cpu = 00:00:17 ; elapsed = 00:00:14 . Memory (MB): peak = 8061.531 ; gain = 0.000 ; free physical = 635 ; free virtual = 8314
restart
INFO: [Simtcl 6-17] Simulation restarted
run 1000 us
close_sim
INFO: [Simtcl 6-16] Simulation closed
exit
INFO: [Common 17-206] Exiting Vivado at Fri Mar 22 02:13:40 2024...
