<<<<<<< HEAD
=======
INFO: [VRFC 10-163] Analyzing VHDL file "/home/saker/MASTER SATCOM/Vivado/DS18S20_Onewire/digital_thermometer_sem2/digital_thermometer_sem2.srcs/sources_1/imports/new/Initialization.vhd" into library xil_defaultlib
INFO: [VRFC 10-3107] analyzing entity 'Initialization'
INFO: [VRFC 10-163] Analyzing VHDL file "/home/saker/MASTER SATCOM/Vivado/DS18S20_Onewire/digital_thermometer_sem2/digital_thermometer_sem2.srcs/sources_1/new/Master_Protocol.vhd" into library xil_defaultlib
INFO: [VRFC 10-3107] analyzing entity 'Master_Protocol'
INFO: [VRFC 10-163] Analyzing VHDL file "/home/saker/MASTER SATCOM/Vivado/DS18S20_Onewire/digital_thermometer_sem2/digital_thermometer_sem2.srcs/sources_1/new/Protocol.vhd" into library xil_defaultlib
INFO: [VRFC 10-3107] analyzing entity 'Protocol_FSM'
INFO: [VRFC 10-163] Analyzing VHDL file "/home/saker/MASTER SATCOM/Vivado/DS18S20_Onewire/digital_thermometer_sem2/digital_thermometer_sem2.srcs/sources_1/new/Read1bit.vhd" into library xil_defaultlib
INFO: [VRFC 10-3107] analyzing entity 'Read1bit'
INFO: [VRFC 10-163] Analyzing VHDL file "/home/saker/MASTER SATCOM/Vivado/DS18S20_Onewire/digital_thermometer_sem2/digital_thermometer_sem2.srcs/sources_1/new/Read_Struct.vhd" into library xil_defaultlib
INFO: [VRFC 10-3107] analyzing entity 'Read_Struct'
INFO: [VRFC 10-163] Analyzing VHDL file "/home/saker/MASTER SATCOM/Vivado/DS18S20_Onewire/digital_thermometer_sem2/digital_thermometer_sem2.srcs/sources_1/new/Temp_mem.vhd" into library xil_defaultlib
INFO: [VRFC 10-3107] analyzing entity 'Temp_Memory'
INFO: [VRFC 10-163] Analyzing VHDL file "/home/saker/MASTER SATCOM/Vivado/DS18S20_Onewire/digital_thermometer_sem2/digital_thermometer_sem2.srcs/sources_1/new/Timer_15us.vhd" into library xil_defaultlib
INFO: [VRFC 10-3107] analyzing entity 'Timer_15us'
INFO: [VRFC 10-163] Analyzing VHDL file "/home/saker/MASTER SATCOM/Vivado/DS18S20_Onewire/digital_thermometer_sem2/digital_thermometer_sem2.srcs/sources_1/new/Timer_60us.vhd" into library xil_defaultlib
INFO: [VRFC 10-3107] analyzing entity 'Timer_60us'
INFO: [VRFC 10-163] Analyzing VHDL file "/home/saker/MASTER SATCOM/Vivado/DS18S20_Onewire/digital_thermometer_sem2/digital_thermometer_sem2.srcs/sources_1/new/Timers.vhd" into library xil_defaultlib
INFO: [VRFC 10-3107] analyzing entity 'Timers'
INFO: [VRFC 10-163] Analyzing VHDL file "/home/saker/MASTER SATCOM/Vivado/DS18S20_Onewire/digital_thermometer_sem2/digital_thermometer_sem2.srcs/sources_1/imports/new/Timmer60.vhd" into library xil_defaultlib
INFO: [VRFC 10-3107] analyzing entity 'Timmer480'
INFO: [VRFC 10-163] Analyzing VHDL file "/home/saker/MASTER SATCOM/Vivado/DS18S20_Onewire/digital_thermometer_sem2/digital_thermometer_sem2.srcs/sources_1/imports/new/TriState_buffer.vhd" into library xil_defaultlib
INFO: [VRFC 10-3107] analyzing entity 'TriState_buffer'
INFO: [VRFC 10-163] Analyzing VHDL file "/home/saker/MASTER SATCOM/Vivado/DS18S20_Onewire/digital_thermometer_sem2/digital_thermometer_sem2.srcs/sources_1/new/Write8bit_struct.vhd" into library xil_defaultlib
INFO: [VRFC 10-3107] analyzing entity 'Write8bit'
INFO: [VRFC 10-163] Analyzing VHDL file "/home/saker/MASTER SATCOM/Vivado/DS18S20_Onewire/digital_thermometer_sem2/digital_thermometer_sem2.srcs/sources_1/new/sync_input.vhd" into library xil_defaultlib
INFO: [VRFC 10-3107] analyzing entity 'sync_input'
INFO: [VRFC 10-163] Analyzing VHDL file "/home/saker/MASTER SATCOM/Vivado/DS18S20_Onewire/digital_thermometer_sem2/digital_thermometer_sem2.srcs/sources_1/new/timer800ms.vhd" into library xil_defaultlib
INFO: [VRFC 10-3107] analyzing entity 'Timer_800ms'
INFO: [VRFC 10-163] Analyzing VHDL file "/home/saker/MASTER SATCOM/Vivado/DS18S20_Onewire/digital_thermometer_sem2/digital_thermometer_sem2.srcs/sources_1/new/timer_1us.vhd" into library xil_defaultlib
INFO: [VRFC 10-3107] analyzing entity 'Timer_1us'
INFO: [VRFC 10-163] Analyzing VHDL file "/home/saker/MASTER SATCOM/Vivado/DS18S20_Onewire/digital_thermometer_sem2/digital_thermometer_sem2.srcs/sources_1/new/write0.vhd" into library xil_defaultlib
INFO: [VRFC 10-3107] analyzing entity 'Write_0bit'
INFO: [VRFC 10-163] Analyzing VHDL file "/home/saker/MASTER SATCOM/Vivado/DS18S20_Onewire/digital_thermometer_sem2/digital_thermometer_sem2.srcs/sources_1/new/write1.vhd" into library xil_defaultlib
INFO: [VRFC 10-3107] analyzing entity 'Write_1bit'
INFO: [VRFC 10-163] Analyzing VHDL file "/home/saker/MASTER SATCOM/Vivado/DS18S20_Onewire/digital_thermometer_sem2/digital_thermometer_sem2.srcs/sources_1/new/writebit.vhd" into library xil_defaultlib
INFO: [VRFC 10-3107] analyzing entity 'Writebit'
INFO: [VRFC 10-163] Analyzing VHDL file "/home/saker/MASTER SATCOM/Vivado/DS18S20_Onewire/digital_thermometer_sem2/digital_thermometer_sem2.srcs/sim_1/new/tb_master_protocol.vhd" into library xil_defaultlib
INFO: [VRFC 10-3107] analyzing entity 'tb_master_protocol'
>>>>>>> 53d3410 (timer)
